# JRE version: Java(TM) SE Runtime Environment (8.0_241-b07) (build 1.8.0_241-b07)
# Java VM: Java HotSpot(TM) 64-Bit Server VM (25.241-b07 mixed mode windows-amd64 compressed oops)
Heap:
 PSYoungGen      total 75776K, used 5275K [0x000000076bf80000, 0x0000000771400000, 0x00000007c0000000)
  eden space 65024K, 8% used [0x000000076bf80000,0x000000076c4a6d60,0x000000076ff00000)
  from space 10752K, 0% used [0x000000076ff00000,0x000000076ff00000,0x0000000770980000)
  to   space 10752K, 0% used [0x0000000770980000,0x0000000770980000,0x0000000771400000)
 ParOldGen       total 77312K, used 8315K [0x00000006c3e00000, 0x00000006c8980000, 0x000000076bf80000)
  object space 77312K, 10% used [0x00000006c3e00000,0x00000006c461ee58,0x00000006c8980000)
 Metaspace       used 20716K, capacity 21286K, committed 22272K, reserved 1069056K
  class space    used 2763K, capacity 2909K, committed 3072K, reserved 1048576K
GC Heap History (8 events):
Event: 3.695 GC heap before
{Heap before GC invocations=1 (full 0):
 PSYoungGen      total 75776K, used 65024K [0x000000076bf80000, 0x0000000771400000, 0x00000007c0000000)
  eden space 65024K, 100% used [0x000000076bf80000,0x000000076ff00000,0x000000076ff00000)
  from space 10752K, 0% used [0x0000000770980000,0x0000000770980000,0x0000000771400000)
  to   space 10752K, 0% used [0x000000076ff00000,0x000000076ff00000,0x0000000770980000)
 ParOldGen       total 173568K, used 0K [0x00000006c3e00000, 0x00000006ce780000, 0x000000076bf80000)
  object space 173568K, 0% used [0x00000006c3e00000,0x00000006c3e00000,0x00000006ce780000)
 Metaspace       used 16650K, capacity 17158K, committed 17280K, reserved 1064960K
  class space    used 2212K, capacity 2349K, committed 2432K, reserved 1048576K
Event: 3.702 GC heap after
Heap after GC invocations=1 (full 0):
 PSYoungGen      total 75776K, used 10747K [0x000000076bf80000, 0x0000000771400000, 0x00000007c0000000)
  eden space 65024K, 0% used [0x000000076bf80000,0x000000076bf80000,0x000000076ff00000)
  from space 10752K, 99% used [0x000000076ff00000,0x000000077097ee80,0x0000000770980000)
  to   space 10752K, 0% used [0x0000000770980000,0x0000000770980000,0x0000000771400000)
 ParOldGen       total 173568K, used 2964K [0x00000006c3e00000, 0x00000006ce780000, 0x000000076bf80000)
  object space 173568K, 1% used [0x00000006c3e00000,0x00000006c40e53b8,0x00000006ce780000)
 Metaspace       used 16650K, capacity 17158K, committed 17280K, reserved 1064960K
  class space    used 2212K, capacity 2349K, committed 2432K, reserved 1048576K
}
Event: 10.112 GC heap before
{Heap before GC invocations=2 (full 0):
 PSYoungGen      total 75776K, used 75771K [0x000000076bf80000, 0x0000000771400000, 0x00000007c0000000)
  eden space 65024K, 100% used [0x000000076bf80000,0x000000076ff00000,0x000000076ff00000)
  from space 10752K, 99% used [0x000000076ff00000,0x000000077097ee80,0x0000000770980000)
  to   space 10752K, 0% used [0x0000000770980000,0x0000000770980000,0x0000000771400000)
 ParOldGen       total 173568K, used 2964K [0x00000006c3e00000, 0x00000006ce780000, 0x000000076bf80000)
  object space 173568K, 1% used [0x00000006c3e00000,0x00000006c40e53b8,0x00000006ce780000)
 Metaspace       used 18696K, capacity 19478K, committed 19584K, reserved 1067008K
  class space    used 2475K, capacity 2671K, committed 2688K, reserved 1048576K
Event: 10.130 GC heap after
Heap after GC invocations=2 (full 0):
 PSYoungGen      total 75776K, used 8456K [0x000000076bf80000, 0x0000000771400000, 0x00000007c0000000)
  eden space 65024K, 0% used [0x000000076bf80000,0x000000076bf80000,0x000000076ff00000)
  from space 10752K, 78% used [0x0000000770980000,0x00000007711c21c0,0x0000000771400000)
  to   space 10752K, 0% used [0x000000076ff00000,0x000000076ff00000,0x0000000770980000)
 ParOldGen       total 173568K, used 2972K [0x00000006c3e00000, 0x00000006ce780000, 0x000000076bf80000)
  object space 173568K, 1% used [0x00000006c3e00000,0x00000006c40e73b8,0x00000006ce780000)
 Metaspace       used 18696K, capacity 19478K, committed 19584K, reserved 1067008K
  class space    used 2475K, capacity 2671K, committed 2688K, reserved 1048576K
}
Event: 16.892 GC heap before
{Heap before GC invocations=3 (full 0):
 PSYoungGen      total 75776K, used 14605K [0x000000076bf80000, 0x0000000771400000, 0x00000007c0000000)
  eden space 65024K, 9% used [0x000000076bf80000,0x000000076c581458,0x000000076ff00000)
  from space 10752K, 78% used [0x0000000770980000,0x00000007711c21c0,0x0000000771400000)
  to   space 10752K, 0% used [0x000000076ff00000,0x000000076ff00000,0x0000000770980000)
 ParOldGen       total 173568K, used 2972K [0x00000006c3e00000, 0x00000006ce780000, 0x000000076bf80000)
  object space 173568K, 1% used [0x00000006c3e00000,0x00000006c40e73b8,0x00000006ce780000)
 Metaspace       used 20372K, capacity 21154K, committed 21296K, reserved 1067008K
  class space    used 2669K, capacity 2865K, committed 2944K, reserved 1048576K
Event: 16.904 GC heap after
Heap after GC invocations=3 (full 0):
 PSYoungGen      total 75776K, used 8142K [0x000000076bf80000, 0x0000000771400000, 0x00000007c0000000)
  eden space 65024K, 0% used [0x000000076bf80000,0x000000076bf80000,0x000000076ff00000)
  from space 10752K, 75% used [0x000000076ff00000,0x00000007706f3a00,0x0000000770980000)
  to   space 10752K, 0% used [0x0000000770980000,0x0000000770980000,0x0000000771400000)
 ParOldGen       total 173568K, used 2980K [0x00000006c3e00000, 0x00000006ce780000, 0x000000076bf80000)
  object space 173568K, 1% used [0x00000006c3e00000,0x00000006c40e93b8,0x00000006ce780000)
 Metaspace       used 20372K, capacity 21154K, committed 21296K, reserved 1067008K
  class space    used 2669K, capacity 2865K, committed 2944K, reserved 1048576K
}
Event: 16.904 GC heap before
{Heap before GC invocations=4 (full 1):
 PSYoungGen      total 75776K, used 8142K [0x000000076bf80000, 0x0000000771400000, 0x00000007c0000000)
  eden space 65024K, 0% used [0x000000076bf80000,0x000000076bf80000,0x000000076ff00000)
  from space 10752K, 75% used [0x000000076ff00000,0x00000007706f3a00,0x0000000770980000)
  to   space 10752K, 0% used [0x0000000770980000,0x0000000770980000,0x0000000771400000)
 ParOldGen       total 173568K, used 2980K [0x00000006c3e00000, 0x00000006ce780000, 0x000000076bf80000)
  object space 173568K, 1% used [0x00000006c3e00000,0x00000006c40e93b8,0x00000006ce780000)
 Metaspace       used 20372K, capacity 21154K, committed 21296K, reserved 1067008K
  class space    used 2669K, capacity 2865K, committed 2944K, reserved 1048576K
Event: 16.992 GC heap after
Heap after GC invocations=4 (full 1):
 PSYoungGen      total 75776K, used 0K [0x000000076bf80000, 0x0000000771400000, 0x00000007c0000000)
  eden space 65024K, 0% used [0x000000076bf80000,0x000000076bf80000,0x000000076ff00000)
  from space 10752K, 0% used [0x000000076ff00000,0x000000076ff00000,0x0000000770980000)
  to   space 10752K, 0% used [0x0000000770980000,0x0000000770980000,0x0000000771400000)
 ParOldGen       total 77312K, used 8315K [0x00000006c3e00000, 0x00000006c8980000, 0x000000076bf80000)
  object space 77312K, 10% used [0x00000006c3e00000,0x00000006c461ee58,0x00000006c8980000)
 Metaspace       used 19896K, capacity 20392K, committed 21296K, reserved 1067008K
  class space    used 2598K, capacity 2738K, committed 2944K, reserved 1048576K
}

