# JRE version: Java(TM) SE Runtime Environment (8.0_241-b07) (build 1.8.0_241-b07)
# Java VM: Java HotSpot(TM) 64-Bit Server VM (25.241-b07 mixed mode windows-amd64 compressed oops)
Heap:
 PSYoungGen      total 75776K, used 10411K [0x000000076bf80000, 0x0000000771400000, 0x00000007c0000000)
  eden space 65024K, 16% used [0x000000076bf80000,0x000000076c9aad08,0x000000076ff00000)
  from space 10752K, 0% used [0x0000000770980000,0x0000000770980000,0x0000000771400000)
  to   space 10752K, 0% used [0x000000076ff00000,0x000000076ff00000,0x0000000770980000)
 ParOldGen       total 74240K, used 8723K [0x00000006c3e00000, 0x00000006c8680000, 0x000000076bf80000)
  object space 74240K, 11% used [0x00000006c3e00000,0x00000006c4684e58,0x00000006c8680000)
 Metaspace       used 20849K, capacity 21348K, committed 21632K, reserved 1069056K
  class space    used 2768K, capacity 2910K, committed 2944K, reserved 1048576K
GC Heap History (6 events):
Event: 11.655 GC heap before
{Heap before GC invocations=1 (full 0):
 PSYoungGen      total 75776K, used 65024K [0x000000076bf80000, 0x0000000771400000, 0x00000007c0000000)
  eden space 65024K, 100% used [0x000000076bf80000,0x000000076ff00000,0x000000076ff00000)
  from space 10752K, 0% used [0x0000000770980000,0x0000000770980000,0x0000000771400000)
  to   space 10752K, 0% used [0x000000076ff00000,0x000000076ff00000,0x0000000770980000)
 ParOldGen       total 173568K, used 0K [0x00000006c3e00000, 0x00000006ce780000, 0x000000076bf80000)
  object space 173568K, 0% used [0x00000006c3e00000,0x00000006c3e00000,0x00000006ce780000)
 Metaspace       used 16959K, capacity 17462K, committed 17792K, reserved 1064960K
  class space    used 2220K, capacity 2347K, committed 2432K, reserved 1048576K
Event: 11.664 GC heap after
Heap after GC invocations=1 (full 0):
 PSYoungGen      total 75776K, used 9310K [0x000000076bf80000, 0x0000000771400000, 0x00000007c0000000)
  eden space 65024K, 0% used [0x000000076bf80000,0x000000076bf80000,0x000000076ff00000)
  from space 10752K, 86% used [0x000000076ff00000,0x00000007708179d8,0x0000000770980000)
  to   space 10752K, 0% used [0x0000000770980000,0x0000000770980000,0x0000000771400000)
 ParOldGen       total 173568K, used 16K [0x00000006c3e00000, 0x00000006ce780000, 0x000000076bf80000)
  object space 173568K, 0% used [0x00000006c3e00000,0x00000006c3e04000,0x00000006ce780000)
 Metaspace       used 16959K, capacity 17462K, committed 17792K, reserved 1064960K
  class space    used 2220K, capacity 2347K, committed 2432K, reserved 1048576K
}
Event: 18.371 GC heap before
{Heap before GC invocations=2 (full 0):
 PSYoungGen      total 75776K, used 43023K [0x000000076bf80000, 0x0000000771400000, 0x00000007c0000000)
  eden space 65024K, 51% used [0x000000076bf80000,0x000000076e06c620,0x000000076ff00000)
  from space 10752K, 86% used [0x000000076ff00000,0x00000007708179d8,0x0000000770980000)
  to   space 10752K, 0% used [0x0000000770980000,0x0000000770980000,0x0000000771400000)
 ParOldGen       total 173568K, used 16K [0x00000006c3e00000, 0x00000006ce780000, 0x000000076bf80000)
  object space 173568K, 0% used [0x00000006c3e00000,0x00000006c3e04000,0x00000006ce780000)
 Metaspace       used 20713K, capacity 21220K, committed 21296K, reserved 1067008K
  class space    used 2757K, capacity 2910K, committed 2944K, reserved 1048576K
Event: 18.380 GC heap after
Heap after GC invocations=2 (full 0):
 PSYoungGen      total 75776K, used 8910K [0x000000076bf80000, 0x0000000771400000, 0x00000007c0000000)
  eden space 65024K, 0% used [0x000000076bf80000,0x000000076bf80000,0x000000076ff00000)
  from space 10752K, 82% used [0x0000000770980000,0x0000000771233a80,0x0000000771400000)
  to   space 10752K, 0% used [0x000000076ff00000,0x000000076ff00000,0x0000000770980000)
 ParOldGen       total 173568K, used 24K [0x00000006c3e00000, 0x00000006ce780000, 0x000000076bf80000)
  object space 173568K, 0% used [0x00000006c3e00000,0x00000006c3e06000,0x00000006ce780000)
 Metaspace       used 20713K, capacity 21220K, committed 21296K, reserved 1067008K
  class space    used 2757K, capacity 2910K, committed 2944K, reserved 1048576K
}
Event: 18.380 GC heap before
{Heap before GC invocations=3 (full 1):
 PSYoungGen      total 75776K, used 8910K [0x000000076bf80000, 0x0000000771400000, 0x00000007c0000000)
  eden space 65024K, 0% used [0x000000076bf80000,0x000000076bf80000,0x000000076ff00000)
  from space 10752K, 82% used [0x0000000770980000,0x0000000771233a80,0x0000000771400000)
  to   space 10752K, 0% used [0x000000076ff00000,0x000000076ff00000,0x0000000770980000)
 ParOldGen       total 173568K, used 24K [0x00000006c3e00000, 0x00000006ce780000, 0x000000076bf80000)
  object space 173568K, 0% used [0x00000006c3e00000,0x00000006c3e06000,0x00000006ce780000)
 Metaspace       used 20713K, capacity 21220K, committed 21296K, reserved 1067008K
  class space    used 2757K, capacity 2910K, committed 2944K, reserved 1048576K
Event: 18.416 GC heap after
Heap after GC invocations=3 (full 1):
 PSYoungGen      total 75776K, used 0K [0x000000076bf80000, 0x0000000771400000, 0x00000007c0000000)
  eden space 65024K, 0% used [0x000000076bf80000,0x000000076bf80000,0x000000076ff00000)
  from space 10752K, 0% used [0x0000000770980000,0x0000000770980000,0x0000000771400000)
  to   space 10752K, 0% used [0x000000076ff00000,0x000000076ff00000,0x0000000770980000)
 ParOldGen       total 74240K, used 8723K [0x00000006c3e00000, 0x00000006c8680000, 0x000000076bf80000)
  object space 74240K, 11% used [0x00000006c3e00000,0x00000006c4684e58,0x00000006c8680000)
 Metaspace       used 20713K, capacity 21220K, committed 21296K, reserved 1067008K
  class space    used 2757K, capacity 2910K, committed 2944K, reserved 1048576K
}

