# JRE version: Java(TM) SE Runtime Environment (8.0_241-b07) (build 1.8.0_241-b07)
# Java VM: Java HotSpot(TM) 64-Bit Server VM (25.241-b07 mixed mode windows-amd64 compressed oops)
Heap:
 PSYoungGen      total 52736K, used 38925K [0x000000076bf80000, 0x0000000771580000, 0x00000007c0000000)
  eden space 48128K, 71% used [0x000000076bf80000,0x000000076e1289e8,0x000000076ee80000)
  from space 4608K, 96% used [0x000000076ef80000,0x000000076f3dabf0,0x000000076f400000)
  to   space 19968K, 0% used [0x0000000770200000,0x0000000770200000,0x0000000771580000)
 ParOldGen       total 126976K, used 33717K [0x00000006c3e00000, 0x00000006cba00000, 0x000000076bf80000)
  object space 126976K, 26% used [0x00000006c3e00000,0x00000006c5eed430,0x00000006cba00000)
 Metaspace       used 31230K, capacity 34112K, committed 36608K, reserved 1081344K
  class space    used 4041K, capacity 4664K, committed 5120K, reserved 1048576K
GC Heap History (10 events):
Event: 540.810 GC heap before
{Heap before GC invocations=28 (full 3):
 PSYoungGen      total 75264K, used 53813K [0x000000076bf80000, 0x0000000772100000, 0x00000007c0000000)
  eden space 52224K, 100% used [0x000000076bf80000,0x000000076f280000,0x000000076f280000)
  from space 23040K, 6% used [0x0000000770980000,0x0000000770b0d600,0x0000000772000000)
  to   space 23552K, 0% used [0x000000076f280000,0x000000076f280000,0x0000000770980000)
 ParOldGen       total 126976K, used 32972K [0x00000006c3e00000, 0x00000006cba00000, 0x000000076bf80000)
  object space 126976K, 25% used [0x00000006c3e00000,0x00000006c5e33260,0x00000006cba00000)
 Metaspace       used 29063K, capacity 30690K, committed 36608K, reserved 1081344K
  class space    used 3736K, capacity 4115K, committed 5120K, reserved 1048576K
Event: 540.816 GC heap after
Heap after GC invocations=28 (full 3):
 PSYoungGen      total 75776K, used 3823K [0x000000076bf80000, 0x0000000772c00000, 0x00000007c0000000)
  eden space 52224K, 0% used [0x000000076bf80000,0x000000076bf80000,0x000000076f280000)
  from space 23552K, 16% used [0x000000076f280000,0x000000076f63bec0,0x0000000770980000)
  to   space 23040K, 0% used [0x0000000771580000,0x0000000771580000,0x0000000772c00000)
 ParOldGen       total 126976K, used 32980K [0x00000006c3e00000, 0x00000006cba00000, 0x000000076bf80000)
  object space 126976K, 25% used [0x00000006c3e00000,0x00000006c5e35260,0x00000006cba00000)
 Metaspace       used 29063K, capacity 30690K, committed 36608K, reserved 1081344K
  class space    used 3736K, capacity 4115K, committed 5120K, reserved 1048576K
}
Event: 585.942 GC heap before
{Heap before GC invocations=29 (full 3):
 PSYoungGen      total 75776K, used 56047K [0x000000076bf80000, 0x0000000772c00000, 0x00000007c0000000)
  eden space 52224K, 100% used [0x000000076bf80000,0x000000076f280000,0x000000076f280000)
  from space 23552K, 16% used [0x000000076f280000,0x000000076f63bec0,0x0000000770980000)
  to   space 23040K, 0% used [0x0000000771580000,0x0000000771580000,0x0000000772c00000)
 ParOldGen       total 126976K, used 32980K [0x00000006c3e00000, 0x00000006cba00000, 0x000000076bf80000)
  object space 126976K, 25% used [0x00000006c3e00000,0x00000006c5e35260,0x00000006cba00000)
 Metaspace       used 29549K, capacity 31438K, committed 36608K, reserved 1081344K
  class space    used 3800K, capacity 4229K, committed 5120K, reserved 1048576K
Event: 585.948 GC heap after
Heap after GC invocations=29 (full 3):
 PSYoungGen      total 59392K, used 4361K [0x000000076bf80000, 0x0000000771d80000, 0x00000007c0000000)
  eden space 51200K, 0% used [0x000000076bf80000,0x000000076bf80000,0x000000076f180000)
  from space 8192K, 53% used [0x0000000771580000,0x00000007719c2780,0x0000000771d80000)
  to   space 22528K, 0% used [0x000000076f180000,0x000000076f180000,0x0000000770780000)
 ParOldGen       total 126976K, used 32988K [0x00000006c3e00000, 0x00000006cba00000, 0x000000076bf80000)
  object space 126976K, 25% used [0x00000006c3e00000,0x00000006c5e37260,0x00000006cba00000)
 Metaspace       used 29549K, capacity 31438K, committed 36608K, reserved 1081344K
  class space    used 3800K, capacity 4229K, committed 5120K, reserved 1048576K
}
Event: 587.460 GC heap before
{Heap before GC invocations=30 (full 3):
 PSYoungGen      total 59392K, used 55561K [0x000000076bf80000, 0x0000000771d80000, 0x00000007c0000000)
  eden space 51200K, 100% used [0x000000076bf80000,0x000000076f180000,0x000000076f180000)
  from space 8192K, 53% used [0x0000000771580000,0x00000007719c2780,0x0000000771d80000)
  to   space 22528K, 0% used [0x000000076f180000,0x000000076f180000,0x0000000770780000)
 ParOldGen       total 126976K, used 32988K [0x00000006c3e00000, 0x00000006cba00000, 0x000000076bf80000)
  object space 126976K, 25% used [0x00000006c3e00000,0x00000006c5e37260,0x00000006cba00000)
 Metaspace       used 30053K, capacity 32236K, committed 36608K, reserved 1081344K
  class space    used 3873K, capacity 4362K, committed 5120K, reserved 1048576K
Event: 587.465 GC heap after
Heap after GC invocations=30 (full 3):
 PSYoungGen      total 54784K, used 4132K [0x000000076bf80000, 0x0000000771b80000, 0x00000007c0000000)
  eden space 50176K, 0% used [0x000000076bf80000,0x000000076bf80000,0x000000076f080000)
  from space 4608K, 89% used [0x000000076f180000,0x000000076f589280,0x000000076f600000)
  to   space 22016K, 0% used [0x0000000770600000,0x0000000770600000,0x0000000771b80000)
 ParOldGen       total 126976K, used 32988K [0x00000006c3e00000, 0x00000006cba00000, 0x000000076bf80000)
  object space 126976K, 25% used [0x00000006c3e00000,0x00000006c5e37260,0x00000006cba00000)
 Metaspace       used 30053K, capacity 32236K, committed 36608K, reserved 1081344K
  class space    used 3873K, capacity 4362K, committed 5120K, reserved 1048576K
}
Event: 909.921 GC heap before
{Heap before GC invocations=31 (full 3):
 PSYoungGen      total 54784K, used 54308K [0x000000076bf80000, 0x0000000771b80000, 0x00000007c0000000)
  eden space 50176K, 100% used [0x000000076bf80000,0x000000076f080000,0x000000076f080000)
  from space 4608K, 89% used [0x000000076f180000,0x000000076f589280,0x000000076f600000)
  to   space 22016K, 0% used [0x0000000770600000,0x0000000770600000,0x0000000771b80000)
 ParOldGen       total 126976K, used 32988K [0x00000006c3e00000, 0x00000006cba00000, 0x000000076bf80000)
  object space 126976K, 25% used [0x00000006c3e00000,0x00000006c5e37260,0x00000006cba00000)
 Metaspace       used 30534K, capacity 33026K, committed 36608K, reserved 1081344K
  class space    used 3940K, capacity 4483K, committed 5120K, reserved 1048576K
Event: 909.928 GC heap after
Heap after GC invocations=31 (full 3):
 PSYoungGen      total 68096K, used 5534K [0x000000076bf80000, 0x0000000771880000, 0x00000007c0000000)
  eden space 49152K, 0% used [0x000000076bf80000,0x000000076bf80000,0x000000076ef80000)
  from space 18944K, 29% used [0x0000000770600000,0x0000000770b67b40,0x0000000771880000)
  to   space 20992K, 0% used [0x000000076ef80000,0x000000076ef80000,0x0000000770400000)
 ParOldGen       total 126976K, used 32988K [0x00000006c3e00000, 0x00000006cba00000, 0x000000076bf80000)
  object space 126976K, 25% used [0x00000006c3e00000,0x00000006c5e37260,0x00000006cba00000)
 Metaspace       used 30534K, capacity 33026K, committed 36608K, reserved 1081344K
  class space    used 3940K, capacity 4483K, committed 5120K, reserved 1048576K
}
Event: 915.374 GC heap before
{Heap before GC invocations=32 (full 3):
 PSYoungGen      total 68096K, used 54686K [0x000000076bf80000, 0x0000000771880000, 0x00000007c0000000)
  eden space 49152K, 100% used [0x000000076bf80000,0x000000076ef80000,0x000000076ef80000)
  from space 18944K, 29% used [0x0000000770600000,0x0000000770b67b40,0x0000000771880000)
  to   space 20992K, 0% used [0x000000076ef80000,0x000000076ef80000,0x0000000770400000)
 ParOldGen       total 126976K, used 32988K [0x00000006c3e00000, 0x00000006cba00000, 0x000000076bf80000)
  object space 126976K, 25% used [0x00000006c3e00000,0x00000006c5e37260,0x00000006cba00000)
 Metaspace       used 31010K, capacity 33788K, committed 36608K, reserved 1081344K
  class space    used 4011K, capacity 4610K, committed 5120K, reserved 1048576K
Event: 915.381 GC heap after
Heap after GC invocations=32 (full 3):
 PSYoungGen      total 52736K, used 4458K [0x000000076bf80000, 0x0000000771580000, 0x00000007c0000000)
  eden space 48128K, 0% used [0x000000076bf80000,0x000000076bf80000,0x000000076ee80000)
  from space 4608K, 96% used [0x000000076ef80000,0x000000076f3dabf0,0x000000076f400000)
  to   space 19968K, 0% used [0x0000000770200000,0x0000000770200000,0x0000000771580000)
 ParOldGen       total 126976K, used 33717K [0x00000006c3e00000, 0x00000006cba00000, 0x000000076bf80000)
  object space 126976K, 26% used [0x00000006c3e00000,0x00000006c5eed430,0x00000006cba00000)
 Metaspace       used 31010K, capacity 33788K, committed 36608K, reserved 1081344K
  class space    used 4011K, capacity 4610K, committed 5120K, reserved 1048576K
}

