# JRE version: Java(TM) SE Runtime Environment (8.0_241-b07) (build 1.8.0_241-b07)
# Java VM: Java HotSpot(TM) 64-Bit Server VM (25.241-b07 mixed mode windows-amd64 compressed oops)
Heap:
 PSYoungGen      total 75776K, used 5346K [0x000000076bf80000, 0x0000000771400000, 0x00000007c0000000)
  eden space 65024K, 8% used [0x000000076bf80000,0x000000076c4b8ae0,0x000000076ff00000)
  from space 10752K, 0% used [0x000000076ff00000,0x000000076ff00000,0x0000000770980000)
  to   space 10752K, 0% used [0x0000000770980000,0x0000000770980000,0x0000000771400000)
 ParOldGen       total 77312K, used 8391K [0x00000006c3e00000, 0x00000006c8980000, 0x000000076bf80000)
  object space 77312K, 10% used [0x00000006c3e00000,0x00000006c4631ff8,0x00000006c8980000)
 Metaspace       used 20741K, capacity 21222K, committed 22016K, reserved 1069056K
  class space    used 2772K, capacity 2909K, committed 3072K, reserved 1048576K
GC Heap History (8 events):
Event: 3.493 GC heap before
{Heap before GC invocations=1 (full 0):
 PSYoungGen      total 75776K, used 65024K [0x000000076bf80000, 0x0000000771400000, 0x00000007c0000000)
  eden space 65024K, 100% used [0x000000076bf80000,0x000000076ff00000,0x000000076ff00000)
  from space 10752K, 0% used [0x0000000770980000,0x0000000770980000,0x0000000771400000)
  to   space 10752K, 0% used [0x000000076ff00000,0x000000076ff00000,0x0000000770980000)
 ParOldGen       total 173568K, used 0K [0x00000006c3e00000, 0x00000006ce780000, 0x000000076bf80000)
  object space 173568K, 0% used [0x00000006c3e00000,0x00000006c3e00000,0x00000006ce780000)
 Metaspace       used 16611K, capacity 17162K, committed 17280K, reserved 1064960K
  class space    used 2199K, capacity 2349K, committed 2432K, reserved 1048576K
Event: 3.501 GC heap after
Heap after GC invocations=1 (full 0):
 PSYoungGen      total 75776K, used 10739K [0x000000076bf80000, 0x0000000771400000, 0x00000007c0000000)
  eden space 65024K, 0% used [0x000000076bf80000,0x000000076bf80000,0x000000076ff00000)
  from space 10752K, 99% used [0x000000076ff00000,0x000000077097ccd0,0x0000000770980000)
  to   space 10752K, 0% used [0x0000000770980000,0x0000000770980000,0x0000000771400000)
 ParOldGen       total 173568K, used 3022K [0x00000006c3e00000, 0x00000006ce780000, 0x000000076bf80000)
  object space 173568K, 1% used [0x00000006c3e00000,0x00000006c40f3bf0,0x00000006ce780000)
 Metaspace       used 16611K, capacity 17162K, committed 17280K, reserved 1064960K
  class space    used 2199K, capacity 2349K, committed 2432K, reserved 1048576K
}
Event: 33.620 GC heap before
{Heap before GC invocations=2 (full 0):
 PSYoungGen      total 75776K, used 75763K [0x000000076bf80000, 0x0000000771400000, 0x00000007c0000000)
  eden space 65024K, 100% used [0x000000076bf80000,0x000000076ff00000,0x000000076ff00000)
  from space 10752K, 99% used [0x000000076ff00000,0x000000077097ccd0,0x0000000770980000)
  to   space 10752K, 0% used [0x0000000770980000,0x0000000770980000,0x0000000771400000)
 ParOldGen       total 173568K, used 3022K [0x00000006c3e00000, 0x00000006ce780000, 0x000000076bf80000)
  object space 173568K, 1% used [0x00000006c3e00000,0x00000006c40f3bf0,0x00000006ce780000)
 Metaspace       used 18691K, capacity 19414K, committed 19584K, reserved 1067008K
  class space    used 2485K, capacity 2671K, committed 2688K, reserved 1048576K
Event: 33.633 GC heap after
Heap after GC invocations=2 (full 0):
 PSYoungGen      total 75776K, used 10728K [0x000000076bf80000, 0x0000000771400000, 0x00000007c0000000)
  eden space 65024K, 0% used [0x000000076bf80000,0x000000076bf80000,0x000000076ff00000)
  from space 10752K, 99% used [0x0000000770980000,0x00000007713fa3c0,0x0000000771400000)
  to   space 10752K, 0% used [0x000000076ff00000,0x000000076ff00000,0x0000000770980000)
 ParOldGen       total 173568K, used 4877K [0x00000006c3e00000, 0x00000006ce780000, 0x000000076bf80000)
  object space 173568K, 2% used [0x00000006c3e00000,0x00000006c42c3408,0x00000006ce780000)
 Metaspace       used 18691K, capacity 19414K, committed 19584K, reserved 1067008K
  class space    used 2485K, capacity 2671K, committed 2688K, reserved 1048576K
}
Event: 40.310 GC heap before
{Heap before GC invocations=3 (full 0):
 PSYoungGen      total 75776K, used 17446K [0x000000076bf80000, 0x0000000771400000, 0x00000007c0000000)
  eden space 65024K, 10% used [0x000000076bf80000,0x000000076c60f700,0x000000076ff00000)
  from space 10752K, 99% used [0x0000000770980000,0x00000007713fa3c0,0x0000000771400000)
  to   space 10752K, 0% used [0x000000076ff00000,0x000000076ff00000,0x0000000770980000)
 ParOldGen       total 173568K, used 4877K [0x00000006c3e00000, 0x00000006ce780000, 0x000000076bf80000)
  object space 173568K, 2% used [0x00000006c3e00000,0x00000006c42c3408,0x00000006ce780000)
 Metaspace       used 20408K, capacity 21154K, committed 21296K, reserved 1067008K
  class space    used 2676K, capacity 2865K, committed 2944K, reserved 1048576K
Event: 40.316 GC heap after
Heap after GC invocations=3 (full 0):
 PSYoungGen      total 75776K, used 7470K [0x000000076bf80000, 0x0000000771400000, 0x00000007c0000000)
  eden space 65024K, 0% used [0x000000076bf80000,0x000000076bf80000,0x000000076ff00000)
  from space 10752K, 69% used [0x000000076ff00000,0x000000077064ba00,0x0000000770980000)
  to   space 10752K, 0% used [0x0000000770980000,0x0000000770980000,0x0000000771400000)
 ParOldGen       total 173568K, used 4885K [0x00000006c3e00000, 0x00000006ce780000, 0x000000076bf80000)
  object space 173568K, 2% used [0x00000006c3e00000,0x00000006c42c5408,0x00000006ce780000)
 Metaspace       used 20408K, capacity 21154K, committed 21296K, reserved 1067008K
  class space    used 2676K, capacity 2865K, committed 2944K, reserved 1048576K
}
Event: 40.316 GC heap before
{Heap before GC invocations=4 (full 1):
 PSYoungGen      total 75776K, used 7470K [0x000000076bf80000, 0x0000000771400000, 0x00000007c0000000)
  eden space 65024K, 0% used [0x000000076bf80000,0x000000076bf80000,0x000000076ff00000)
  from space 10752K, 69% used [0x000000076ff00000,0x000000077064ba00,0x0000000770980000)
  to   space 10752K, 0% used [0x0000000770980000,0x0000000770980000,0x0000000771400000)
 ParOldGen       total 173568K, used 4885K [0x00000006c3e00000, 0x00000006ce780000, 0x000000076bf80000)
  object space 173568K, 2% used [0x00000006c3e00000,0x00000006c42c5408,0x00000006ce780000)
 Metaspace       used 20408K, capacity 21154K, committed 21296K, reserved 1067008K
  class space    used 2676K, capacity 2865K, committed 2944K, reserved 1048576K
Event: 40.346 GC heap after
Heap after GC invocations=4 (full 1):
 PSYoungGen      total 75776K, used 0K [0x000000076bf80000, 0x0000000771400000, 0x00000007c0000000)
  eden space 65024K, 0% used [0x000000076bf80000,0x000000076bf80000,0x000000076ff00000)
  from space 10752K, 0% used [0x000000076ff00000,0x000000076ff00000,0x0000000770980000)
  to   space 10752K, 0% used [0x0000000770980000,0x0000000770980000,0x0000000771400000)
 ParOldGen       total 77312K, used 8391K [0x00000006c3e00000, 0x00000006c8980000, 0x000000076bf80000)
  object space 77312K, 10% used [0x00000006c3e00000,0x00000006c4631ff8,0x00000006c8980000)
 Metaspace       used 19932K, capacity 20392K, committed 21296K, reserved 1067008K
  class space    used 2606K, capacity 2738K, committed 2944K, reserved 1048576K
}

