# JRE version: Java(TM) SE Runtime Environment (8.0_241-b07) (build 1.8.0_241-b07)
# Java VM: Java HotSpot(TM) 64-Bit Server VM (25.241-b07 mixed mode windows-amd64 compressed oops)
Heap:
 PSYoungGen      total 72704K, used 42025K [0x000000076bf80000, 0x0000000771600000, 0x00000007c0000000)
  eden space 61952K, 61% used [0x000000076bf80000,0x000000076e4b38d0,0x000000076fc00000)
  from space 10752K, 36% used [0x0000000770b80000,0x0000000770f56de8,0x0000000771600000)
  to   space 13312K, 0% used [0x000000076fc00000,0x000000076fc00000,0x0000000770900000)
 ParOldGen       total 112128K, used 17096K [0x00000006c3e00000, 0x00000006cab80000, 0x000000076bf80000)
  object space 112128K, 15% used [0x00000006c3e00000,0x00000006c4eb22a0,0x00000006cab80000)
 Metaspace       used 26354K, capacity 28298K, committed 28544K, reserved 1073152K
  class space    used 3438K, capacity 3855K, committed 3968K, reserved 1048576K
GC Heap History (10 events):
Event: 22.431 GC heap before
{Heap before GC invocations=3 (full 1):
 PSYoungGen      total 75776K, used 6225K [0x000000076bf80000, 0x0000000771400000, 0x00000007c0000000)
  eden space 65024K, 0% used [0x000000076bf80000,0x000000076bf80000,0x000000076ff00000)
  from space 10752K, 57% used [0x0000000770980000,0x0000000770f944c0,0x0000000771400000)
  to   space 10752K, 0% used [0x000000076ff00000,0x000000076ff00000,0x0000000770980000)
 ParOldGen       total 173568K, used 27278K [0x00000006c3e00000, 0x00000006ce780000, 0x000000076bf80000)
  object space 173568K, 15% used [0x00000006c3e00000,0x00000006c58a3b58,0x00000006ce780000)
 Metaspace       used 20732K, capacity 21260K, committed 21296K, reserved 1067008K
  class space    used 2772K, capacity 2942K, committed 2944K, reserved 1048576K
Event: 22.514 GC heap after
Heap after GC invocations=3 (full 1):
 PSYoungGen      total 75776K, used 0K [0x000000076bf80000, 0x0000000771400000, 0x00000007c0000000)
  eden space 65024K, 0% used [0x000000076bf80000,0x000000076bf80000,0x000000076ff00000)
  from space 10752K, 0% used [0x0000000770980000,0x0000000770980000,0x0000000771400000)
  to   space 10752K, 0% used [0x000000076ff00000,0x000000076ff00000,0x0000000770980000)
 ParOldGen       total 112128K, used 17064K [0x00000006c3e00000, 0x00000006cab80000, 0x000000076bf80000)
  object space 112128K, 15% used [0x00000006c3e00000,0x00000006c4eaa2a0,0x00000006cab80000)
 Metaspace       used 20732K, capacity 21260K, committed 21296K, reserved 1067008K
  class space    used 2772K, capacity 2942K, committed 2944K, reserved 1048576K
}
Event: 341.167 GC heap before
{Heap before GC invocations=4 (full 1):
 PSYoungGen      total 75776K, used 65024K [0x000000076bf80000, 0x0000000771400000, 0x00000007c0000000)
  eden space 65024K, 100% used [0x000000076bf80000,0x000000076ff00000,0x000000076ff00000)
  from space 10752K, 0% used [0x0000000770980000,0x0000000770980000,0x0000000771400000)
  to   space 10752K, 0% used [0x000000076ff00000,0x000000076ff00000,0x0000000770980000)
 ParOldGen       total 112128K, used 17064K [0x00000006c3e00000, 0x00000006cab80000, 0x000000076bf80000)
  object space 112128K, 15% used [0x00000006c3e00000,0x00000006c4eaa2a0,0x00000006cab80000)
 Metaspace       used 22054K, capacity 22942K, committed 23168K, reserved 1069056K
  class space    used 2898K, capacity 3121K, committed 3200K, reserved 1048576K
Event: 341.176 GC heap after
Heap after GC invocations=4 (full 1):
 PSYoungGen      total 75776K, used 1376K [0x000000076bf80000, 0x0000000771400000, 0x00000007c0000000)
  eden space 65024K, 0% used [0x000000076bf80000,0x000000076bf80000,0x000000076ff00000)
  from space 10752K, 12% used [0x000000076ff00000,0x0000000770058000,0x0000000770980000)
  to   space 10752K, 0% used [0x0000000770980000,0x0000000770980000,0x0000000771400000)
 ParOldGen       total 112128K, used 17072K [0x00000006c3e00000, 0x00000006cab80000, 0x000000076bf80000)
  object space 112128K, 15% used [0x00000006c3e00000,0x00000006c4eac2a0,0x00000006cab80000)
 Metaspace       used 22054K, capacity 22942K, committed 23168K, reserved 1069056K
  class space    used 2898K, capacity 3121K, committed 3200K, reserved 1048576K
}
Event: 376.361 GC heap before
{Heap before GC invocations=5 (full 1):
 PSYoungGen      total 75776K, used 66400K [0x000000076bf80000, 0x0000000771400000, 0x00000007c0000000)
  eden space 65024K, 100% used [0x000000076bf80000,0x000000076ff00000,0x000000076ff00000)
  from space 10752K, 12% used [0x000000076ff00000,0x0000000770058000,0x0000000770980000)
  to   space 10752K, 0% used [0x0000000770980000,0x0000000770980000,0x0000000771400000)
 ParOldGen       total 112128K, used 17072K [0x00000006c3e00000, 0x00000006cab80000, 0x000000076bf80000)
  object space 112128K, 15% used [0x00000006c3e00000,0x00000006c4eac2a0,0x00000006cab80000)
 Metaspace       used 24521K, capacity 25674K, committed 25856K, reserved 1071104K
  class space    used 3204K, capacity 3471K, committed 3584K, reserved 1048576K
Event: 376.376 GC heap after
Heap after GC invocations=5 (full 1):
 PSYoungGen      total 75776K, used 3533K [0x000000076bf80000, 0x0000000771400000, 0x00000007c0000000)
  eden space 65024K, 0% used [0x000000076bf80000,0x000000076bf80000,0x000000076ff00000)
  from space 10752K, 32% used [0x0000000770980000,0x0000000770cf37d0,0x0000000771400000)
  to   space 10752K, 0% used [0x000000076ff00000,0x000000076ff00000,0x0000000770980000)
 ParOldGen       total 112128K, used 17080K [0x00000006c3e00000, 0x00000006cab80000, 0x000000076bf80000)
  object space 112128K, 15% used [0x00000006c3e00000,0x00000006c4eae2a0,0x00000006cab80000)
 Metaspace       used 24521K, capacity 25674K, committed 25856K, reserved 1071104K
  class space    used 3204K, capacity 3471K, committed 3584K, reserved 1048576K
}
Event: 386.976 GC heap before
{Heap before GC invocations=6 (full 1):
 PSYoungGen      total 75776K, used 68557K [0x000000076bf80000, 0x0000000771400000, 0x00000007c0000000)
  eden space 65024K, 100% used [0x000000076bf80000,0x000000076ff00000,0x000000076ff00000)
  from space 10752K, 32% used [0x0000000770980000,0x0000000770cf37d0,0x0000000771400000)
  to   space 10752K, 0% used [0x000000076ff00000,0x000000076ff00000,0x0000000770980000)
 ParOldGen       total 112128K, used 17080K [0x00000006c3e00000, 0x00000006cab80000, 0x000000076bf80000)
  object space 112128K, 15% used [0x00000006c3e00000,0x00000006c4eae2a0,0x00000006cab80000)
 Metaspace       used 25426K, capacity 26920K, committed 27008K, reserved 1073152K
  class space    used 3317K, capacity 3636K, committed 3712K, reserved 1048576K
Event: 386.983 GC heap after
Heap after GC invocations=6 (full 1):
 PSYoungGen      total 74240K, used 4173K [0x000000076bf80000, 0x0000000771980000, 0x00000007c0000000)
  eden space 63488K, 0% used [0x000000076bf80000,0x000000076bf80000,0x000000076fd80000)
  from space 10752K, 38% used [0x000000076ff00000,0x00000007703137d0,0x0000000770980000)
  to   space 14336K, 0% used [0x0000000770b80000,0x0000000770b80000,0x0000000771980000)
 ParOldGen       total 112128K, used 17088K [0x00000006c3e00000, 0x00000006cab80000, 0x000000076bf80000)
  object space 112128K, 15% used [0x00000006c3e00000,0x00000006c4eb02a0,0x00000006cab80000)
 Metaspace       used 25426K, capacity 26920K, committed 27008K, reserved 1073152K
  class space    used 3317K, capacity 3636K, committed 3712K, reserved 1048576K
}
Event: 390.063 GC heap before
{Heap before GC invocations=7 (full 1):
 PSYoungGen      total 74240K, used 67661K [0x000000076bf80000, 0x0000000771980000, 0x00000007c0000000)
  eden space 63488K, 100% used [0x000000076bf80000,0x000000076fd80000,0x000000076fd80000)
  from space 10752K, 38% used [0x000000076ff00000,0x00000007703137d0,0x0000000770980000)
  to   space 14336K, 0% used [0x0000000770b80000,0x0000000770b80000,0x0000000771980000)
 ParOldGen       total 112128K, used 17088K [0x00000006c3e00000, 0x00000006cab80000, 0x000000076bf80000)
  object space 112128K, 15% used [0x00000006c3e00000,0x00000006c4eb02a0,0x00000006cab80000)
 Metaspace       used 26044K, capacity 27892K, committed 28160K, reserved 1073152K
  class space    used 3407K, capacity 3798K, committed 3840K, reserved 1048576K
Event: 390.067 GC heap after
Heap after GC invocations=7 (full 1):
 PSYoungGen      total 72704K, used 3931K [0x000000076bf80000, 0x0000000771600000, 0x00000007c0000000)
  eden space 61952K, 0% used [0x000000076bf80000,0x000000076bf80000,0x000000076fc00000)
  from space 10752K, 36% used [0x0000000770b80000,0x0000000770f56de8,0x0000000771600000)
  to   space 13312K, 0% used [0x000000076fc00000,0x000000076fc00000,0x0000000770900000)
 ParOldGen       total 112128K, used 17096K [0x00000006c3e00000, 0x00000006cab80000, 0x000000076bf80000)
  object space 112128K, 15% used [0x00000006c3e00000,0x00000006c4eb22a0,0x00000006cab80000)
 Metaspace       used 26044K, capacity 27892K, committed 28160K, reserved 1073152K
  class space    used 3407K, capacity 3798K, committed 3840K, reserved 1048576K
}

